<?xml version="1.0" encoding="UTF-8"?>
<!-- Generated by org.testng.reporters.JUnitXMLReporter -->
<testsuite ignored="0" hostname="LAPTOP-GOBJ9BB5" failures="0" tests="5" name="Default test" time="40.704" errors="0" timestamp="2024-10-16T18:56:15 IST">
  <testcase classname="Login.LoginTestcases$utils" name="correctup" time="4.056"/>
  <testcase classname="Login.LoginTestcases$utils" name="correctup" time="3.259"/>
  <testcase classname="Login.LoginTestcases$utils" name="correctup" time="5.441"/>
  <testcase classname="Login.LoginTestcases$utils" name="correctup" time="6.854"/>
  <testcase classname="Login.LoginTestcases$utils" name="correctup" time="20.135"/>
</testsuite> <!-- Default test -->
