<?xml version="1.0" encoding="UTF-8"?>
<testng-results ignored="0" total="1" passed="1" failed="0" skipped="0">
  <reporter-output>
  </reporter-output>
  <suite started-at="2024-10-14T12:11:06 IST" name="Default suite" finished-at="2024-10-14T12:11:10 IST" duration-ms="4274">
    <groups>
    </groups>
    <test started-at="2024-10-14T12:11:06 IST" name="Default test" finished-at="2024-10-14T12:11:10 IST" duration-ms="4274">
      <class name="PomWithoutFindby.WithoutFindBy">
        <test-method signature="land()[pri:0, instance:PomWithoutFindby.WithoutFindBy@5acf93bb]" started-at="2024-10-14T12:11:06 IST" name="land" finished-at="2024-10-14T12:11:10 IST" duration-ms="4243" status="PASS">
          <reporter-output>
          </reporter-output>
        </test-method> <!-- land -->
      </class> <!-- PomWithoutFindby.WithoutFindBy -->
    </test> <!-- Default test -->
  </suite> <!-- Default suite -->
</testng-results>
