<?xml version="1.0" encoding="UTF-8"?>
<!-- Generated by org.testng.reporters.JUnitXMLReporter -->
<testsuite ignored="0" hostname="LAPTOP-GOBJ9BB5" failures="1" tests="1" name="Test" time="0.032" errors="0" timestamp="2024-10-16T18:55:01 IST">
  <testcase classname="Login.LoginTestcases$utils" name="correctup" time="0.0">
    <failure type="org.testng.TestNGException" message="
Cannot instantiate class Login.LoginTestcases$utils">
      <![CDATA[org.testng.TestNGException: 
Cannot instantiate class Login.LoginTestcases$utils
at java.base/java.util.ArrayList.forEach(ArrayList.java:1511)
Caused by: java.lang.InstantiationException: Login.LoginTestcases$utils
at java.base/java.lang.Class.newInstance(Class.java:639)
... 28 more
Caused by: java.lang.NoSuchMethodException: Login.LoginTestcases$utils.<init>()
at java.base/java.lang.Class.getConstructor0(Class.java:3508)
at java.base/java.lang.Class.newInstance(Class.java:626)
... 29 more
... Removed 29 stack frames]]>
    </failure>
  </testcase> <!-- correctup -->
</testsuite> <!-- Test -->
